This is pdfTeX, Version 3.1415926-2.5-1.40.14 (MiKTeX 2.9) (preloaded format=pdflatex 2015.3.3)  4 MAR 2015 10:26
entering extended mode
**final-report.tex

("D:\Dropbox\School\Current Session\ECE 4600  - Project Grain bin\Academic\Fina
l Report\Group 07 Final Report - Robert\final-report.tex"
LaTeX2e <2011/06/27>
Babel <v3.8m> and hyphenation patterns for english, afrikaans, ancientgreek, ar
abic, armenian, assamese, basque, bengali, bokmal, bulgarian, catalan, coptic, 
croatian, czech, danish, dutch, esperanto, estonian, farsi, finnish, french, ga
lician, german, german-x-2013-05-26, greek, gujarati, hindi, hungarian, iceland
ic, indonesian, interlingua, irish, italian, kannada, kurmanji, latin, latvian,
 lithuanian, malayalam, marathi, mongolian, mongolianlmc, monogreek, ngerman, n
german-x-2013-05-26, nynorsk, oriya, panjabi, pinyin, polish, portuguese, roman
ian, russian, sanskrit, serbian, slovak, slovenian, spanish, swedish, swissgerm
an, tamil, telugu, turkish, turkmen, ukenglish, ukrainian, uppersorbian, usengl
ishmax, welsh, loaded.
("C:\Program Files (x86)\MiKTeX 2.9\tex\latex\base\report.cls"
Document Class: report 2007/10/19 v1.4h Standard LaTeX document class
("C:\Program Files (x86)\MiKTeX 2.9\tex\latex\base\size11.clo"
File: size11.clo 2007/10/19 v1.4h Standard LaTeX file (size option)
)
\c@part=\count79
\c@chapter=\count80
\c@section=\count81
\c@subsection=\count82
\c@subsubsection=\count83
\c@paragraph=\count84
\c@subparagraph=\count85
\c@figure=\count86
\c@table=\count87
\abovecaptionskip=\skip41
\belowcaptionskip=\skip42
\bibindent=\dimen102
)
("C:\Program Files (x86)\MiKTeX 2.9\tex\latex\amsmath\amsmath.sty"
Package: amsmath 2013/01/14 v2.14 AMS math features
\@mathmargin=\skip43

For additional information on amsmath, use the `?' option.
("C:\Program Files (x86)\MiKTeX 2.9\tex\latex\amsmath\amstext.sty"
Package: amstext 2000/06/29 v2.01

("C:\Program Files (x86)\MiKTeX 2.9\tex\latex\amsmath\amsgen.sty"
File: amsgen.sty 1999/11/30 v2.0
\@emptytoks=\toks14
\ex@=\dimen103
))
("C:\Program Files (x86)\MiKTeX 2.9\tex\latex\amsmath\amsbsy.sty"
Package: amsbsy 1999/11/29 v1.2d
\pmbraise@=\dimen104
)
("C:\Program Files (x86)\MiKTeX 2.9\tex\latex\amsmath\amsopn.sty"
Package: amsopn 1999/12/14 v2.01 operator names
)
\inf@bad=\count88
LaTeX Info: Redefining \frac on input line 210.
\uproot@=\count89
\leftroot@=\count90
LaTeX Info: Redefining \overline on input line 306.
\classnum@=\count91
\DOTSCASE@=\count92
LaTeX Info: Redefining \ldots on input line 378.
LaTeX Info: Redefining \dots on input line 381.
LaTeX Info: Redefining \cdots on input line 466.
\Mathstrutbox@=\box26
\strutbox@=\box27
\big@size=\dimen105
LaTeX Font Info:    Redeclaring font encoding OML on input line 566.
LaTeX Font Info:    Redeclaring font encoding OMS on input line 567.
\macc@depth=\count93
\c@MaxMatrixCols=\count94
\dotsspace@=\muskip10
\c@parentequation=\count95
\dspbrk@lvl=\count96
\tag@help=\toks15
\row@=\count97
\column@=\count98
\maxfields@=\count99
\andhelp@=\toks16
\eqnshift@=\dimen106
\alignsep@=\dimen107
\tagshift@=\dimen108
\tagwidth@=\dimen109
\totwidth@=\dimen110
\lineht@=\dimen111
\@envbody=\toks17
\multlinegap=\skip44
\multlinetaggap=\skip45
\mathdisplay@stack=\toks18
LaTeX Info: Redefining \[ on input line 2665.
LaTeX Info: Redefining \] on input line 2666.
)
("C:\Program Files (x86)\MiKTeX 2.9\tex\latex\fancyhdr\fancyhdr.sty"
\fancy@headwidth=\skip46
\f@ncyO@elh=\skip47
\f@ncyO@erh=\skip48
\f@ncyO@olh=\skip49
\f@ncyO@orh=\skip50
\f@ncyO@elf=\skip51
\f@ncyO@erf=\skip52
\f@ncyO@olf=\skip53
\f@ncyO@orf=\skip54
)
("C:\Program Files (x86)\MiKTeX 2.9\tex\latex\url\url.sty"
\Urlmuskip=\muskip11
Package: url 2013/09/16  ver 3.4  Verb mode for urls, etc.
)
("C:\Program Files (x86)\MiKTeX 2.9\tex\latex\graphics\graphicx.sty"
Package: graphicx 1999/02/16 v1.0f Enhanced LaTeX Graphics (DPC,SPQR)

("C:\Program Files (x86)\MiKTeX 2.9\tex\latex\graphics\keyval.sty"
Package: keyval 1999/03/16 v1.13 key=value parser (DPC)
\KV@toks@=\toks19
)
("C:\Program Files (x86)\MiKTeX 2.9\tex\latex\graphics\graphics.sty"
Package: graphics 2009/02/05 v1.0o Standard LaTeX Graphics (DPC,SPQR)

("C:\Program Files (x86)\MiKTeX 2.9\tex\latex\graphics\trig.sty"
Package: trig 1999/03/16 v1.09 sin cos tan (DPC)
)
("C:\Program Files (x86)\MiKTeX 2.9\tex\latex\00miktex\graphics.cfg"
File: graphics.cfg 2007/01/18 v1.5 graphics configuration of teTeX/TeXLive
)
Package graphics Info: Driver file: pdftex.def on input line 91.

("C:\Program Files (x86)\MiKTeX 2.9\tex\latex\pdftex-def\pdftex.def"
File: pdftex.def 2011/05/27 v0.06d Graphics/color for pdfTeX

("C:\Program Files (x86)\MiKTeX 2.9\tex\generic\oberdiek\infwarerr.sty"
Package: infwarerr 2010/04/08 v1.3 Providing info/warning/error messages (HO)
)
("C:\Program Files (x86)\MiKTeX 2.9\tex\generic\oberdiek\ltxcmds.sty"
Package: ltxcmds 2011/11/09 v1.22 LaTeX kernel commands for general use (HO)
)
\Gread@gobject=\count100
))
\Gin@req@height=\dimen112
\Gin@req@width=\dimen113
)
("C:\Program Files (x86)\MiKTeX 2.9\tex\latex\setspace\setspace.sty"
Package: setspace 2011/12/19 v6.7a set line spacing
)
("C:\Program Files (x86)\MiKTeX 2.9\tex\latex\hyperref\hyperref.sty"
Package: hyperref 2012/11/06 v6.83m Hypertext links for LaTeX

("C:\Program Files (x86)\MiKTeX 2.9\tex\generic\oberdiek\hobsub-hyperref.sty"
Package: hobsub-hyperref 2012/04/25 v1.12 Bundle oberdiek, subset hyperref (HO)


("C:\Program Files (x86)\MiKTeX 2.9\tex\generic\oberdiek\hobsub-generic.sty"
Package: hobsub-generic 2012/04/25 v1.12 Bundle oberdiek, subset generic (HO)
Package: hobsub 2012/04/25 v1.12 Construct package bundles (HO)
Package hobsub Info: Skipping package `infwarerr' (already loaded).
Package hobsub Info: Skipping package `ltxcmds' (already loaded).
Package: ifluatex 2010/03/01 v1.3 Provides the ifluatex switch (HO)
Package ifluatex Info: LuaTeX not detected.
Package: ifvtex 2010/03/01 v1.5 Detect VTeX and its facilities (HO)
Package ifvtex Info: VTeX not detected.
Package: intcalc 2007/09/27 v1.1 Expandable calculations with integers (HO)
Package: ifpdf 2011/01/30 v2.3 Provides the ifpdf switch (HO)
Package ifpdf Info: pdfTeX in PDF mode is detected.
Package: etexcmds 2011/02/16 v1.5 Avoid name clashes with e-TeX commands (HO)
Package etexcmds Info: Could not find \expanded.
(etexcmds)             That can mean that you are not using pdfTeX 1.50 or
(etexcmds)             that some package has redefined \expanded.
(etexcmds)             In the latter case, load this package earlier.
Package: kvsetkeys 2012/04/25 v1.16 Key value parser (HO)
Package: kvdefinekeys 2011/04/07 v1.3 Define keys (HO)
Package: pdftexcmds 2011/11/29 v0.20 Utility functions of pdfTeX for LuaTeX (HO
)
Package pdftexcmds Info: LuaTeX not detected.
Package pdftexcmds Info: \pdf@primitive is available.
Package pdftexcmds Info: \pdf@ifprimitive is available.
Package pdftexcmds Info: \pdfdraftmode found.
Package: pdfescape 2011/11/25 v1.13 Implements pdfTeX's escape features (HO)
Package: bigintcalc 2012/04/08 v1.3 Expandable calculations on big integers (HO
)
Package: bitset 2011/01/30 v1.1 Handle bit-vector datatype (HO)
Package: uniquecounter 2011/01/30 v1.2 Provide unlimited unique counter (HO)
)
Package hobsub Info: Skipping package `hobsub' (already loaded).
Package: letltxmacro 2010/09/02 v1.4 Let assignment for LaTeX macros (HO)
Package: hopatch 2011/06/24 v1.1 Wrapper for package hooks (HO)
Package: xcolor-patch 2011/01/30 xcolor patch
Package: atveryend 2011/06/30 v1.8 Hooks at the very end of document (HO)
Package atveryend Info: \enddocument detected (standard20110627).
Package: atbegshi 2011/10/05 v1.16 At begin shipout hook (HO)
Package: refcount 2011/10/16 v3.4 Data extraction from label references (HO)
Package: hycolor 2011/01/30 v1.7 Color options for hyperref/bookmark (HO)
)
("C:\Program Files (x86)\MiKTeX 2.9\tex\generic\ifxetex\ifxetex.sty"
Package: ifxetex 2010/09/12 v0.6 Provides ifxetex conditional
)
("C:\Program Files (x86)\MiKTeX 2.9\tex\latex\oberdiek\auxhook.sty"
Package: auxhook 2011/03/04 v1.3 Hooks for auxiliary files (HO)
)
("C:\Program Files (x86)\MiKTeX 2.9\tex\latex\oberdiek\kvoptions.sty"
Package: kvoptions 2011/06/30 v3.11 Key value format for package options (HO)
)
\@linkdim=\dimen114
\Hy@linkcounter=\count101
\Hy@pagecounter=\count102

("C:\Program Files (x86)\MiKTeX 2.9\tex\latex\hyperref\pd1enc.def"
File: pd1enc.def 2012/11/06 v6.83m Hyperref: PDFDocEncoding definition (HO)
)
\Hy@SavedSpaceFactor=\count103

("C:\Program Files (x86)\MiKTeX 2.9\tex\latex\00miktex\hyperref.cfg"
File: hyperref.cfg 2002/06/06 v1.2 hyperref configuration of TeXLive
)
Package hyperref Info: Hyper figures OFF on input line 4443.
Package hyperref Info: Link nesting OFF on input line 4448.
Package hyperref Info: Hyper index ON on input line 4451.
Package hyperref Info: Plain pages OFF on input line 4458.
Package hyperref Info: Backreferencing OFF on input line 4463.
Package hyperref Info: Implicit mode ON; LaTeX internals redefined.
Package hyperref Info: Bookmarks ON on input line 4688.
\c@Hy@tempcnt=\count104
LaTeX Info: Redefining \url on input line 5041.
\XeTeXLinkMargin=\dimen115
\Fld@menulength=\count105
\Field@Width=\dimen116
\Fld@charsize=\dimen117
Package hyperref Info: Hyper figures OFF on input line 6295.
Package hyperref Info: Link nesting OFF on input line 6300.
Package hyperref Info: Hyper index ON on input line 6303.
Package hyperref Info: backreferencing OFF on input line 6310.
Package hyperref Info: Link coloring OFF on input line 6315.
Package hyperref Info: Link coloring with OCG OFF on input line 6320.
Package hyperref Info: PDF/A mode OFF on input line 6325.
LaTeX Info: Redefining \ref on input line 6365.
LaTeX Info: Redefining \pageref on input line 6369.
\Hy@abspage=\count106
\c@Item=\count107
\c@Hfootnote=\count108
)

Package hyperref Message: Driver (autodetected): hpdftex.

("C:\Program Files (x86)\MiKTeX 2.9\tex\latex\hyperref\hpdftex.def"
File: hpdftex.def 2012/11/06 v6.83m Hyperref driver for pdfTeX
\Fld@listcount=\count109
\c@bookmark@seq@number=\count110

("C:\Program Files (x86)\MiKTeX 2.9\tex\latex\oberdiek\rerunfilecheck.sty"
Package: rerunfilecheck 2011/04/15 v1.7 Rerun checks for auxiliary files (HO)
Package uniquecounter Info: New unique counter `rerunfilecheck' on input line 2
82.
)
\Hy@SectionHShift=\skip55
)
("C:\Program Files (x86)\MiKTeX 2.9\tex\latex\multirow\multirow.sty"
\bigstrutjot=\dimen118
)
("C:\Program Files (x86)\MiKTeX 2.9\tex\latex\tools\array.sty"
Package: array 2008/09/09 v2.4c Tabular extension package (FMi)
\col@sep=\dimen119
\extrarowheight=\dimen120
\NC@list=\toks20
\extratabsurround=\skip56
\backup@length=\skip57
)
("C:\Program Files (x86)\MiKTeX 2.9\tex\latex\caption\caption.sty"
Package: caption 2013/05/02 v3.3-89 Customizing captions (AR)

("C:\Program Files (x86)\MiKTeX 2.9\tex\latex\caption\caption3.sty"
Package: caption3 2013/05/02 v1.6-88 caption3 kernel (AR)
Package caption3 Info: TeX engine: e-TeX on input line 57.
\captionmargin=\dimen121
\captionmargin@=\dimen122
\captionwidth=\dimen123
\caption@tempdima=\dimen124
\caption@indent=\dimen125
\caption@parindent=\dimen126
\caption@hangindent=\dimen127
)
\c@ContinuedFloat=\count111
Package caption Info: hyperref package is loaded.
)
("C:\Program Files (x86)\MiKTeX 2.9\tex\latex\tools\verbatim.sty"
Package: verbatim 2003/08/22 v1.5q LaTeX2e package for verbatim enhancements
\every@verbatim=\toks21
\verbatim@line=\toks22
\verbatim@in@stream=\read1
)
("C:\Program Files (x86)\MiKTeX 2.9\tex\latex\base\textcomp.sty"
Package: textcomp 2005/09/27 v1.99g Standard LaTeX package
Package textcomp Info: Sub-encoding information:
(textcomp)               5 = only ISO-Adobe without \textcurrency
(textcomp)               4 = 5 + \texteuro
(textcomp)               3 = 4 + \textohm
(textcomp)               2 = 3 + \textestimated + \textcurrency
(textcomp)               1 = TS1 - \textcircled - \t
(textcomp)               0 = TS1 (full)
(textcomp)             Font families with sub-encoding setting implement
(textcomp)             only a restricted character set as indicated.
(textcomp)             Family '?' is the default used for unknown fonts.
(textcomp)             See the documentation for details.
Package textcomp Info: Setting ? sub-encoding to TS1/1 on input line 71.

("C:\Program Files (x86)\MiKTeX 2.9\tex\latex\base\ts1enc.def"
File: ts1enc.def 2001/06/05 v3.0e (jk/car/fm) Standard LaTeX file
)
LaTeX Info: Redefining \oldstylenums on input line 266.
Package textcomp Info: Setting cmr sub-encoding to TS1/0 on input line 281.
Package textcomp Info: Setting cmss sub-encoding to TS1/0 on input line 282.
Package textcomp Info: Setting cmtt sub-encoding to TS1/0 on input line 283.
Package textcomp Info: Setting cmvtt sub-encoding to TS1/0 on input line 284.
Package textcomp Info: Setting cmbr sub-encoding to TS1/0 on input line 285.
Package textcomp Info: Setting cmtl sub-encoding to TS1/0 on input line 286.
Package textcomp Info: Setting ccr sub-encoding to TS1/0 on input line 287.
Package textcomp Info: Setting ptm sub-encoding to TS1/4 on input line 288.
Package textcomp Info: Setting pcr sub-encoding to TS1/4 on input line 289.
Package textcomp Info: Setting phv sub-encoding to TS1/4 on input line 290.
Package textcomp Info: Setting ppl sub-encoding to TS1/3 on input line 291.
Package textcomp Info: Setting pag sub-encoding to TS1/4 on input line 292.
Package textcomp Info: Setting pbk sub-encoding to TS1/4 on input line 293.
Package textcomp Info: Setting pnc sub-encoding to TS1/4 on input line 294.
Package textcomp Info: Setting pzc sub-encoding to TS1/4 on input line 295.
Package textcomp Info: Setting bch sub-encoding to TS1/4 on input line 296.
Package textcomp Info: Setting put sub-encoding to TS1/5 on input line 297.
Package textcomp Info: Setting uag sub-encoding to TS1/5 on input line 298.
Package textcomp Info: Setting ugq sub-encoding to TS1/5 on input line 299.
Package textcomp Info: Setting ul8 sub-encoding to TS1/4 on input line 300.
Package textcomp Info: Setting ul9 sub-encoding to TS1/4 on input line 301.
Package textcomp Info: Setting augie sub-encoding to TS1/5 on input line 302.
Package textcomp Info: Setting dayrom sub-encoding to TS1/3 on input line 303.
Package textcomp Info: Setting dayroms sub-encoding to TS1/3 on input line 304.

Package textcomp Info: Setting pxr sub-encoding to TS1/0 on input line 305.
Package textcomp Info: Setting pxss sub-encoding to TS1/0 on input line 306.
Package textcomp Info: Setting pxtt sub-encoding to TS1/0 on input line 307.
Package textcomp Info: Setting txr sub-encoding to TS1/0 on input line 308.
Package textcomp Info: Setting txss sub-encoding to TS1/0 on input line 309.
Package textcomp Info: Setting txtt sub-encoding to TS1/0 on input line 310.
Package textcomp Info: Setting lmr sub-encoding to TS1/0 on input line 311.
Package textcomp Info: Setting lmdh sub-encoding to TS1/0 on input line 312.
Package textcomp Info: Setting lmss sub-encoding to TS1/0 on input line 313.
Package textcomp Info: Setting lmssq sub-encoding to TS1/0 on input line 314.
Package textcomp Info: Setting lmvtt sub-encoding to TS1/0 on input line 315.
Package textcomp Info: Setting qhv sub-encoding to TS1/0 on input line 316.
Package textcomp Info: Setting qag sub-encoding to TS1/0 on input line 317.
Package textcomp Info: Setting qbk sub-encoding to TS1/0 on input line 318.
Package textcomp Info: Setting qcr sub-encoding to TS1/0 on input line 319.
Package textcomp Info: Setting qcs sub-encoding to TS1/0 on input line 320.
Package textcomp Info: Setting qpl sub-encoding to TS1/0 on input line 321.
Package textcomp Info: Setting qtm sub-encoding to TS1/0 on input line 322.
Package textcomp Info: Setting qzc sub-encoding to TS1/0 on input line 323.
Package textcomp Info: Setting qhvc sub-encoding to TS1/0 on input line 324.
Package textcomp Info: Setting futs sub-encoding to TS1/4 on input line 325.
Package textcomp Info: Setting futx sub-encoding to TS1/4 on input line 326.
Package textcomp Info: Setting futj sub-encoding to TS1/4 on input line 327.
Package textcomp Info: Setting hlh sub-encoding to TS1/3 on input line 328.
Package textcomp Info: Setting hls sub-encoding to TS1/3 on input line 329.
Package textcomp Info: Setting hlst sub-encoding to TS1/3 on input line 330.
Package textcomp Info: Setting hlct sub-encoding to TS1/5 on input line 331.
Package textcomp Info: Setting hlx sub-encoding to TS1/5 on input line 332.
Package textcomp Info: Setting hlce sub-encoding to TS1/5 on input line 333.
Package textcomp Info: Setting hlcn sub-encoding to TS1/5 on input line 334.
Package textcomp Info: Setting hlcw sub-encoding to TS1/5 on input line 335.
Package textcomp Info: Setting hlcf sub-encoding to TS1/5 on input line 336.
Package textcomp Info: Setting pplx sub-encoding to TS1/3 on input line 337.
Package textcomp Info: Setting pplj sub-encoding to TS1/3 on input line 338.
Package textcomp Info: Setting ptmx sub-encoding to TS1/4 on input line 339.
Package textcomp Info: Setting ptmj sub-encoding to TS1/4 on input line 340.
)
("C:\Program Files (x86)\MiKTeX 2.9\tex\latex\appendix\appendix.sty"
Package: appendix 2009/09/02 v1.2b extra appendix facilities
\c@@pps=\count112
\c@@ppsavesec=\count113
\c@@ppsaveapp=\count114
)
("C:\Program Files (x86)\MiKTeX 2.9\tex\latex\enumitem\enumitem.sty"
Package: enumitem 2011/09/28 v3.5.2 Customized lists
\labelindent=\skip58
\enit@outerparindent=\dimen128
\enit@toks=\toks23
\enit@inbox=\box28
\enitdp@description=\count115
)
("C:\Program Files (x86)\MiKTeX 2.9\tex\latex\tocloft\tocloft.sty"
Package: tocloft 2013/05/02 v2.3f parameterised ToC, etc., typesetting
Package tocloft Info: The document has chapter divisions on input line 44.
\cftparskip=\skip59
\cftbeforetoctitleskip=\skip60
\cftaftertoctitleskip=\skip61
\cftbeforepartskip=\skip62
\cftpartnumwidth=\skip63
\cftpartindent=\skip64
\cftbeforechapskip=\skip65
\cftchapindent=\skip66
\cftchapnumwidth=\skip67
\cftbeforesecskip=\skip68
\cftsecindent=\skip69
\cftsecnumwidth=\skip70
\cftbeforesubsecskip=\skip71
\cftsubsecindent=\skip72
\cftsubsecnumwidth=\skip73
\cftbeforesubsubsecskip=\skip74
\cftsubsubsecindent=\skip75
\cftsubsubsecnumwidth=\skip76
\cftbeforeparaskip=\skip77
\cftparaindent=\skip78
\cftparanumwidth=\skip79
\cftbeforesubparaskip=\skip80
\cftsubparaindent=\skip81
\cftsubparanumwidth=\skip82
\cftbeforeloftitleskip=\skip83
\cftafterloftitleskip=\skip84
\cftbeforefigskip=\skip85
\cftfigindent=\skip86
\cftfignumwidth=\skip87
\c@lofdepth=\count116
\c@lotdepth=\count117
\cftbeforelottitleskip=\skip88
\cftafterlottitleskip=\skip89
\cftbeforetabskip=\skip90
\cfttabindent=\skip91
\cfttabnumwidth=\skip92
)
("C:\Program Files (x86)\MiKTeX 2.9\tex\latex\etoolbox\etoolbox.sty"
Package: etoolbox 2011/01/03 v2.1 e-TeX tools for LaTeX

("C:\Program Files (x86)\MiKTeX 2.9\tex\latex\misc\etex.sty"
Package: etex 1998/03/26 v2.0 eTeX basic definition package (PEB)
\et@xins=\count118
)
\etb@tempcnta=\count119
)
("C:\Program Files (x86)\MiKTeX 2.9\tex\latex\mdwtools\mdwlist.sty"
Package: mdwlist 1996/05/02 1.1 Various list-related things
)
("C:\Program Files (x86)\MiKTeX 2.9\tex\latex\xcolor\xcolor.sty"
Package: xcolor 2007/01/21 v2.11 LaTeX color extensions (UK)

("C:\Program Files (x86)\MiKTeX 2.9\tex\latex\00miktex\color.cfg"
File: color.cfg 2007/01/18 v1.5 color configuration of teTeX/TeXLive
)
Package xcolor Info: Driver file: pdftex.def on input line 225.
Package xcolor Info: Model `cmy' substituted by `cmy0' on input line 1337.
Package xcolor Info: Model `hsb' substituted by `rgb' on input line 1341.
Package xcolor Info: Model `RGB' extended on input line 1353.
Package xcolor Info: Model `HTML' substituted by `rgb' on input line 1355.
Package xcolor Info: Model `Hsb' substituted by `hsb' on input line 1356.
Package xcolor Info: Model `tHsb' substituted by `hsb' on input line 1357.
Package xcolor Info: Model `HSB' substituted by `hsb' on input line 1358.
Package xcolor Info: Model `Gray' substituted by `gray' on input line 1359.
Package xcolor Info: Model `wave' substituted by `hsb' on input line 1360.
)
("C:\Program Files (x86)\MiKTeX 2.9\tex\latex\listings\listings.sty"
\lst@mode=\count120
\lst@gtempboxa=\box29
\lst@token=\toks24
\lst@length=\count121
\lst@currlwidth=\dimen129
\lst@column=\count122
\lst@pos=\count123
\lst@lostspace=\dimen130
\lst@width=\dimen131
\lst@newlines=\count124
\lst@lineno=\count125
\lst@maxwidth=\dimen132

("C:\Program Files (x86)\MiKTeX 2.9\tex\latex\listings\lstmisc.sty"
File: lstmisc.sty 2014/09/06 1.5e (Carsten Heinz)
\c@lstnumber=\count126
\lst@skipnumbers=\count127
\lst@framebox=\box30
)
("C:\Program Files (x86)\MiKTeX 2.9\tex\latex\listings\listings.cfg"
File: listings.cfg 2014/09/06 1.5e listings configuration
))
Package: listings 2014/09/06 1.5e (Carsten Heinz)

("D:\Dropbox\School\Current Session\ECE 4600  - Project Grain bin\Academic\Fina
l Report\Group 07 Final Report - Robert\final-report.aux"

LaTeX Warning: Label `listoffig' multiply defined.

)
LaTeX Font Info:    Checking defaults for OML/cmm/m/it on input line 164.
LaTeX Font Info:    ... okay on input line 164.
LaTeX Font Info:    Checking defaults for T1/cmr/m/n on input line 164.
LaTeX Font Info:    ... okay on input line 164.
LaTeX Font Info:    Checking defaults for OT1/cmr/m/n on input line 164.
LaTeX Font Info:    ... okay on input line 164.
LaTeX Font Info:    Checking defaults for OMS/cmsy/m/n on input line 164.
LaTeX Font Info:    ... okay on input line 164.
LaTeX Font Info:    Checking defaults for OMX/cmex/m/n on input line 164.
LaTeX Font Info:    ... okay on input line 164.
LaTeX Font Info:    Checking defaults for U/cmr/m/n on input line 164.
LaTeX Font Info:    ... okay on input line 164.
LaTeX Font Info:    Checking defaults for PD1/pdf/m/n on input line 164.
LaTeX Font Info:    ... okay on input line 164.
LaTeX Font Info:    Checking defaults for TS1/cmr/m/n on input line 164.
LaTeX Font Info:    Try loading font information for TS1+cmr on input line 164.

 ("C:\Program Files (x86)\MiKTeX 2.9\tex\latex\base\ts1cmr.fd"
File: ts1cmr.fd 1999/05/25 v2.5h Standard LaTeX font definitions
)
LaTeX Font Info:    ... okay on input line 164.

("C:\Program Files (x86)\MiKTeX 2.9\tex\context\base\supp-pdf.mkii"
[Loading MPS to PDF converter (version 2006.09.02).]
\scratchcounter=\count128
\scratchdimen=\dimen133
\scratchbox=\box31
\nofMPsegments=\count129
\nofMParguments=\count130
\everyMPshowfont=\toks25
\MPscratchCnt=\count131
\MPscratchDim=\dimen134
\MPnumerator=\count132
\makeMPintoPDFobject=\count133
\everyMPtoPDFconversion=\toks26
)
\AtBeginShipoutBox=\box32
Package hyperref Info: Link coloring OFF on input line 164.
 ("C:\Program Files (x86)\MiKTeX 2.9\tex\latex\hyperref\nameref.sty"
Package: nameref 2012/10/27 v2.43 Cross-referencing by name of section

("C:\Program Files (x86)\MiKTeX 2.9\tex\generic\oberdiek\gettitlestring.sty"
Package: gettitlestring 2010/12/03 v1.4 Cleanup title references (HO)
)
\c@section@level=\count134
)
LaTeX Info: Redefining \ref on input line 164.
LaTeX Info: Redefining \pageref on input line 164.
LaTeX Info: Redefining \nameref on input line 164.

("D:\Dropbox\School\Current Session\ECE 4600  - Project Grain bin\Academic\Fina
l Report\Group 07 Final Report - Robert\final-report.out")
("D:\Dropbox\School\Current Session\ECE 4600  - Project Grain bin\Academic\Fina
l Report\Group 07 Final Report - Robert\final-report.out")
\@outlinefile=\write3
Package caption Info: Begin \AtBeginDocument code.
Package caption Info: listings package is loaded.
Package caption Info: End \AtBeginDocument code.
\c@lstlisting=\count135

("D:\Dropbox\School\Current Session\ECE 4600  - Project Grain bin\Academic\Fina
l Report\Group 07 Final Report - Robert\content/00-title-page.tex"
Overfull \hbox (24.0pt too wide) in alignment at lines 29--66
[][] 
 []

) [1

{C:/Users/Kathy/AppData/Local/MiKTeX/2.9/pdftex/config/pdftex.map}]
("D:\Dropbox\School\Current Session\ECE 4600  - Project Grain bin\Academic\Fina
l Report\Group 07 Final Report - Robert\content/00-abstract.tex")
("D:\Dropbox\School\Current Session\ECE 4600  - Project Grain bin\Academic\Fina
l Report\Group 07 Final Report - Robert\content/00-contributions.tex"pdfTeX war
ning (ext4): destination with the same identifier (name{page.i}) has been alrea
dy used, duplicate ignored
<to be read again> 
                   \relax 
l.3 \chapter
            *{Contributions} [1

] [2

])
("D:\Dropbox\School\Current Session\ECE 4600  - Project Grain bin\Academic\Fina
l Report\Group 07 Final Report - Robert\content/00-acknowledgements.tex"
[3

]) [4

]
("D:\Dropbox\School\Current Session\ECE 4600  - Project Grain bin\Academic\Fina
l Report\Group 07 Final Report - Robert\final-report.toc" [5] [6])
\tf@toc=\write4
 [7]
("D:\Dropbox\School\Current Session\ECE 4600  - Project Grain bin\Academic\Fina
l Report\Group 07 Final Report - Robert\final-report.lof"
Missing character: There is no Œ in font cmr10!
Missing character: There is no ± in font cmr10!
 [8

]

LaTeX Warning: Citation `pinout' on page ix undefined on input line 53.

)
\tf@lof=\write5
 [9]
("D:\Dropbox\School\Current Session\ECE 4600  - Project Grain bin\Academic\Fina
l Report\Group 07 Final Report - Robert\final-report.lot"

LaTeX Warning: Citation `vnaspecs' on page x undefined on input line 7.


LaTeX Warning: Citation `RPi2' on page x undefined on input line 10.

)
\tf@lot=\write6
 [10

]
("D:\Dropbox\School\Current Session\ECE 4600  - Project Grain bin\Academic\Fina
l Report\Group 07 Final Report - Robert\content/00-nomenclature.tex"
Overfull \hbox (5.55545pt too wide) in paragraph at lines 8--17
 [] 
 []

) [11


]
("D:\Dropbox\School\Current Session\ECE 4600  - Project Grain bin\Academic\Fina
l Report\Group 07 Final Report - Robert\content/00-definitions.tex") [12


]
("D:\Dropbox\School\Current Session\ECE 4600  - Project Grain bin\Academic\Fina
l Report\Group 07 Final Report - Robert\content/01-introduction.tex"
Chapter 1.
Missing character: There is no ‚ in font cmr10!
Missing character: There is no Ä in font cmr10!
Missing character: There is no ô in font cmr10!
[1


])
("D:\Dropbox\School\Current Session\ECE 4600  - Project Grain bin\Academic\Fina
l Report\Group 07 Final Report - Robert\content/02-body-shucheng.tex" [2]
Chapter 2.
[3

] <./images/efield_image1.png, id=478, 641.39626pt x 136.51pt>
File: ./images/efield_image1.png Graphic file (type png)

<use ./images/efield_image1.png>
Package pdftex.def Info: ./images/efield_image1.png used on input line 52.
(pdftex.def)             Requested size: 216.81pt x 46.14407pt.


LaTeX Warning: `h' float specifier changed to `ht'.

[4] <./images/efield_image2.png, id=488, 527.9725pt x 280.04625pt>
File: ./images/efield_image2.png Graphic file (type png)

<use ./images/efield_image2.png>
Package pdftex.def Info: ./images/efield_image2.png used on input line 77.
(pdftex.def)             Requested size: 245.71754pt x 130.33125pt.


LaTeX Warning: `h' float specifier changed to `ht'.

[5 <D:/Dropbox/School/Current Session/ECE 4600  - Project Grain bin/Academic/Fi
nal Report/Group 07 Final Report - Robert/images/efield_image1.png>]
<./images/SG_fig3.png, id=496, 444.7014pt x 258.7266pt>
File: ./images/SG_fig3.png Graphic file (type png)

<use ./images/SG_fig3.png>
Package pdftex.def Info: ./images/SG_fig3.png used on input line 87.
(pdftex.def)             Requested size: 310.76122pt x 180.80338pt.
 [6 <D:/Dropbox/School/Current Session/ECE 4600  - Project Grain bin/Academic/F
inal Report/Group 07 Final Report - Robert/images/efield_image2.png> <D:/Dropbo
x/School/Current Session/ECE 4600  - Project Grain bin/Academic/Final Report/Gr
oup 07 Final Report - Robert/images/SG_fig3.png>]
<./images/SG_fig4.png, id=507, 393.1488pt x 203.8014pt>
File: ./images/SG_fig4.png Graphic file (type png)

<use ./images/SG_fig4.png>
Package pdftex.def Info: ./images/SG_fig4.png used on input line 99.
(pdftex.def)             Requested size: 310.76122pt x 161.10085pt.

<./images/efield_image4.png, id=509, 302.12875pt x 184.69pt>
File: ./images/efield_image4.png Graphic file (type png)

<use ./images/efield_image4.png>
Package pdftex.def Info: ./images/efield_image4.png used on input line 109.
(pdftex.def)             Requested size: 216.81pt x 132.53423pt.
Missing character: There is no Œ in font cmss10!
Missing character: There is no ± in font cmss10!
Missing character: There is no Œ in font cmss10!
Missing character: There is no ± in font cmss10!


LaTeX Warning: `h' float specifier changed to `ht'.

<./images/SG_fig5.png, id=511, 456.7464pt x 209.583pt>
File: ./images/SG_fig5.png Graphic file (type png)

<use ./images/SG_fig5.png>
Package pdftex.def Info: ./images/SG_fig5.png used on input line 119.
(pdftex.def)             Requested size: 310.76122pt x 142.60408pt.


LaTeX Warning: `h' float specifier changed to `ht'.

[7 <D:/Dropbox/School/Current Session/ECE 4600  - Project Grain bin/Academic/Fi
nal Report/Group 07 Final Report - Robert/images/SG_fig4.png>]
<./images/efield_image5.png, id=517, 229.85875pt x 203.76125pt>
File: ./images/efield_image5.png Graphic file (type png)

<use ./images/efield_image5.png>
Package pdftex.def Info: ./images/efield_image5.png used on input line 129.
(pdftex.def)             Requested size: 144.54pt x 128.13707pt.


LaTeX Warning: `h' float specifier changed to `ht'.

[8 <D:/Dropbox/School/Current Session/ECE 4600  - Project Grain bin/Academic/Fi
nal Report/Group 07 Final Report - Robert/images/efield_image4.png> <D:/Dropbox
/School/Current Session/ECE 4600  - Project Grain bin/Academic/Final Report/Gro
up 07 Final Report - Robert/images/SG_fig5.png>]
<./images/efield_image6.png, id=525, 1265.72874pt x 794.97pt>
File: ./images/efield_image6.png Graphic file (type png)

<use ./images/efield_image6.png>
Package pdftex.def Info: ./images/efield_image6.png used on input line 141.
(pdftex.def)             Requested size: 289.07999pt x 181.55345pt.
 [9 <D:/Dropbox/School/Current Session/ECE 4600  - Project Grain bin/Academic/F
inal Report/Group 07 Final Report - Robert/images/efield_image5.png> <D:/Dropbo
x/School/Current Session/ECE 4600  - Project Grain bin/Academic/Final Report/Gr
oup 07 Final Report - Robert/images/efield_image6.png>] <./images/efield_image7
.png, id=534, 1277.77374pt x 712.6625pt>
File: ./images/efield_image7.png Graphic file (type png)

<use ./images/efield_image7.png>
Package pdftex.def Info: ./images/efield_image7.png used on input line 151.
(pdftex.def)             Requested size: 310.76122pt x 173.31523pt.

<./images/efield_image8.png, id=535, 1786.675pt x 871.255pt>
File: ./images/efield_image8.png Graphic file (type png)

<use ./images/efield_image8.png>
Package pdftex.def Info: ./images/efield_image8.png used on input line 159.
(pdftex.def)             Requested size: 310.76122pt x 151.52802pt.

<./images/efield_image9.png, id=536, 1664.2175pt x 781.92125pt>
File: ./images/efield_image9.png Graphic file (type png)

<use ./images/efield_image9.png>
Package pdftex.def Info: ./images/efield_image9.png used on input line 169.
(pdftex.def)             Requested size: 339.66878pt x 159.59096pt.


LaTeX Warning: `h' float specifier changed to `ht'.

<./images/efield_image10.png, id=537, 1555.8125pt x 727.71875pt>
File: ./images/efield_image10.png Graphic file (type png)

<use ./images/efield_image10.png>
Package pdftex.def Info: ./images/efield_image10.png used on input line 177.
(pdftex.def)             Requested size: 339.66878pt x 158.87717pt.


LaTeX Warning: `h' float specifier changed to `ht'.

[10 <D:/Dropbox/School/Current Session/ECE 4600  - Project Grain bin/Academic/F
inal Report/Group 07 Final Report - Robert/images/efield_image7.png> <D:/Dropbo
x/School/Current Session/ECE 4600  - Project Grain bin/Academic/Final Report/Gr
oup 07 Final Report - Robert/images/efield_image8.png>] [11 <D:/Dropbox/School/
Current Session/ECE 4600  - Project Grain bin/Academic/Final Report/Group 07 Fi
nal Report - Robert/images/efield_image9.png> <D:/Dropbox/School/Current Sessio
n/ECE 4600  - Project Grain bin/Academic/Final Report/Group 07 Final Report - R
obert/images/efield_image10.png>]
<./images/efield_image11.png, id=546, 860.21375pt x 589.20125pt>
File: ./images/efield_image11.png Graphic file (type png)

<use ./images/efield_image11.png>
Package pdftex.def Info: ./images/efield_image11.png used on input line 187.
(pdftex.def)             Requested size: 245.71754pt x 168.3017pt.

<./images/efield_image12.png, id=547, 830.10126pt x 566.115pt>
File: ./images/efield_image12.png Graphic file (type png)

<use ./images/efield_image12.png>
Package pdftex.def Info: ./images/efield_image12.png used on input line 195.
(pdftex.def)             Requested size: 245.71754pt x 167.5726pt.
 [12

 <D:/Dropbox/School/Current Session/ECE 4600  - Project Grain bin/Academic/Fina
l Report/Group 07 Final Report - Robert/images/efield_image11.png> <D:/Dropbox/
School/Current Session/ECE 4600  - Project Grain bin/Academic/Final Report/Grou
p 07 Final Report - Robert/images/efield_image12.png>])
("D:\Dropbox\School\Current Session\ECE 4600  - Project Grain bin\Academic\Fina
l Report\Group 07 Final Report - Robert\content/02-body-dimitri.tex"
Missing character: There is no ¬ in font cmr10!
Missing character: There is no à in font cmr10!
Missing character: There is no ¬ in font cmr10!
Missing character: There is no à in font cmr10!
Missing character: There is no ¬ in font cmr10!
Missing character: There is no à in font cmr10!
Missing character: There is no ¬ in font cmr10!
Missing character: There is no à in font cmr10!
Missing character: There is no ¬ in font cmr10!
Missing character: There is no à in font cmr10!
 [13

]
<./images/Figure1.jpg, id=557, 157.33781pt x 281.55188pt>
File: ./images/Figure1.jpg Graphic file (type jpg)

<use ./images/Figure1.jpg>
Package pdftex.def Info: ./images/Figure1.jpg used on input line 40.
(pdftex.def)             Requested size: 108.405pt x 193.98744pt.


LaTeX Warning: `h' float specifier changed to `ht'.

[14] <./images/Figure2.jpg, id=563, 226.9935pt x 128.115pt>
File: ./images/Figure2.jpg Graphic file (type jpg)

<use ./images/Figure2.jpg>
Package pdftex.def Info: ./images/Figure2.jpg used on input line 52.
(pdftex.def)             Requested size: 289.07999pt x 163.17339pt.


LaTeX Warning: `h' float specifier changed to `ht'.

[15 <D:/Dropbox/School/Current Session/ECE 4600  - Project Grain bin/Academic/F
inal Report/Group 07 Final Report - Robert/images/Figure1.jpg>]
<./images/Figure3.jpg, id=568, 976.39781pt x 554.82281pt>
File: ./images/Figure3.jpg Graphic file (type jpg)

<use ./images/Figure3.jpg>
Package pdftex.def Info: ./images/Figure3.jpg used on input line 72.
(pdftex.def)             Requested size: 289.07999pt x 164.26392pt.
 [16 <D:/Dropbox/School/Current Session/ECE 4600  - Project Grain bin/Academic/
Final Report/Group 07 Final Report - Robert/images/Figure2.jpg>] <./images/Figu
re4.jpg, id=573, 1541.76pt x 729.72626pt>
File: ./images/Figure4.jpg Graphic file (type jpg)

<use ./images/Figure4.jpg>
Package pdftex.def Info: ./images/Figure4.jpg used on input line 87.
(pdftex.def)             Requested size: 361.34999pt x 171.02917pt.


LaTeX Warning: `h' float specifier changed to `ht'.

<./images/Figure5.jpg, id=574, 482.895pt x 249.3315pt>
File: ./images/Figure5.jpg Graphic file (type jpg)

<use ./images/Figure5.jpg>
Package pdftex.def Info: ./images/Figure5.jpg used on input line 95.
(pdftex.def)             Requested size: 361.34999pt x 186.57965pt.


LaTeX Warning: `h' float specifier changed to `ht'.

<./images/Figure6.jpg, id=575, 1062.21844pt x 543.53062pt>
File: ./images/Figure6.jpg Graphic file (type jpg)

<use ./images/Figure6.jpg>
Package pdftex.def Info: ./images/Figure6.jpg used on input line 103.
(pdftex.def)             Requested size: 289.07999pt x 147.91632pt.


LaTeX Warning: `h' float specifier changed to `ht'.

<./images/Figure7.jpg, id=576, 1059.20718pt x 545.78906pt>
File: ./images/Figure7.jpg Graphic file (type jpg)

<use ./images/Figure7.jpg>
Package pdftex.def Info: ./images/Figure7.jpg used on input line 111.
(pdftex.def)             Requested size: 289.07999pt x 148.95567pt.


LaTeX Warning: `h' float specifier changed to `ht'.

<./images/Figure8.jpg, id=577, 287.4375pt x 142.569pt>
File: ./images/Figure8.jpg Graphic file (type jpg)

<use ./images/Figure8.jpg>
Package pdftex.def Info: ./images/Figure8.jpg used on input line 123.
(pdftex.def)             Requested size: 289.07999pt x 143.39746pt.


LaTeX Warning: `h' float specifier changed to `ht'.

Missing character: There is no ‚ in font cmr10!
Missing character: There is no Ä in font cmr10!
Missing character: There is no ô in font cmr10!
[17 <D:/Dropbox/School/Current Session/ECE 4600  - Project Grain bin/Academic/F
inal Report/Group 07 Final Report - Robert/images/Figure3.jpg>]
<./images/image9.jpeg, id=582, 517.935pt x 272.01625pt>
File: ./images/image9.jpeg Graphic file (type jpg)

<use ./images/image9.jpeg>
Package pdftex.def Info: ./images/image9.jpeg used on input line 135.
(pdftex.def)             Requested size: 289.07999pt x 151.82997pt.


LaTeX Warning: `h' float specifier changed to `ht'.

<./images/Figure9.jpg, id=583, 280.8675pt x 158.0085pt>
File: ./images/Figure9.jpg Graphic file (type jpg)

<use ./images/Figure9.jpg>
Package pdftex.def Info: ./images/Figure9.jpg used on input line 149.
(pdftex.def)             Requested size: 289.07999pt x 162.63963pt.


LaTeX Warning: `h' float specifier changed to `ht'.

<./images/Figure10.jpg, id=584, 2698.08pt x 1525.7pt>
File: ./images/Figure10.jpg Graphic file (type jpg)

<use ./images/Figure10.jpg>
Package pdftex.def Info: ./images/Figure10.jpg used on input line 157.
(pdftex.def)             Requested size: 289.07999pt x 163.45082pt.


LaTeX Warning: `h' float specifier changed to `ht'.

)
("D:\Dropbox\School\Current Session\ECE 4600  - Project Grain bin\Academic\Fina
l Report\Group 07 Final Report - Robert\content/02-body-robert.tex" [18 <D:/Dro
pbox/School/Current Session/ECE 4600  - Project Grain bin/Academic/Final Report
/Group 07 Final Report - Robert/images/Figure4.jpg>] [19 <D:/Dropbox/School/Cur
rent Session/ECE 4600  - Project Grain bin/Academic/Final Report/Group 07 Final
 Report - Robert/images/Figure5.jpg> <D:/Dropbox/School/Current Session/ECE 460
0  - Project Grain bin/Academic/Final Report/Group 07 Final Report - Robert/ima
ges/Figure6.jpg>] [20 <D:/Dropbox/School/Current Session/ECE 4600  - Project Gr
ain bin/Academic/Final Report/Group 07 Final Report - Robert/images/Figure7.jpg
> <D:/Dropbox/School/Current Session/ECE 4600  - Project Grain bin/Academic/Fin
al Report/Group 07 Final Report - Robert/images/Figure8.jpg>] [21 <D:/Dropbox/S
chool/Current Session/ECE 4600  - Project Grain bin/Academic/Final Report/Group
 07 Final Report - Robert/images/image9.jpeg> <D:/Dropbox/School/Current Sessio
n/ECE 4600  - Project Grain bin/Academic/Final Report/Group 07 Final Report - R
obert/images/Figure9.jpg>] [22 <D:/Dropbox/School/Current Session/ECE 4600  - P
roject Grain bin/Academic/Final Report/Group 07 Final Report - Robert/images/Fi
gure10.jpg>]
Chapter 3.
[23

] <./images/multiplexer_connections.png, id=611, 1027.84pt x 552.0625pt>
File: ./images/multiplexer_connections.png Graphic file (type png)

<use ./images/multiplexer_connections.png>
Package pdftex.def Info: ./images/multiplexer_connections.png used on input lin
e 21.
(pdftex.def)             Requested size: 325.215pt x 174.67558pt.
 [24 <D:/Dropbox/School/Current Session/ECE 4600  - Project Grain bin/Academic/
Final Report/Group 07 Final Report - Robert/images/multiplexer_connections.png>
]
<./images/mp_initial_layout.png, id=619, 1027.84pt x 552.0625pt>
File: ./images/mp_initial_layout.png Graphic file (type png)

<use ./images/mp_initial_layout.png>
Package pdftex.def Info: ./images/mp_initial_layout.png used on input line 36.
(pdftex.def)             Requested size: 361.34999pt x 194.08398pt.

<./images/mp_final_layout.png, id=620, 1027.84pt x 680.5425pt>
File: ./images/mp_final_layout.png Graphic file (type png)

<use ./images/mp_final_layout.png>
Package pdftex.def Info: ./images/mp_final_layout.png used on input line 44.
(pdftex.def)             Requested size: 361.34999pt x 239.25262pt.


LaTeX Warning: `h' float specifier changed to `ht'.

[25 <D:/Dropbox/School/Current Session/ECE 4600  - Project Grain bin/Academic/F
inal Report/Group 07 Final Report - Robert/images/mp_initial_layout.png>]
<./images/sp3t.png, id=630, 873.2625pt x 689.57625pt>
File: ./images/sp3t.png Graphic file (type png)
 <use ./images/sp3t.png>
Package pdftex.def Info: ./images/sp3t.png used on input line 60.
(pdftex.def)             Requested size: 252.94499pt x 199.7405pt.


LaTeX Warning: `h' float specifier changed to `ht'.

<./images/sp8t_top.png, id=631, 1977.3875pt x 1645.14626pt>
File: ./images/sp8t_top.png Graphic file (type png)

<use ./images/sp8t_top.png>
Package pdftex.def Info: ./images/sp8t_top.png used on input line 68.
(pdftex.def)             Requested size: 397.48499pt x 330.6802pt.


LaTeX Warning: `h' float specifier changed to `ht'.

<./images/sp8t_bottom.png, id=632, 1977.3875pt x 1645.14626pt>
File: ./images/sp8t_bottom.png Graphic file (type png)

<use ./images/sp8t_bottom.png>
Package pdftex.def Info: ./images/sp8t_bottom.png used on input line 76.
(pdftex.def)             Requested size: 397.48499pt x 330.6802pt.


LaTeX Warning: `h' float specifier changed to `ht'.

<./images/stackup.png, id=633, 952.55875pt x 279.0425pt>
File: ./images/stackup.png Graphic file (type png)

<use ./images/stackup.png>
Package pdftex.def Info: ./images/stackup.png used on input line 84.
(pdftex.def)             Requested size: 361.34999pt x 105.85416pt.


LaTeX Warning: `h' float specifier changed to `ht'.

)
("D:\Dropbox\School\Current Session\ECE 4600  - Project Grain bin\Academic\Fina
l Report\Group 07 Final Report - Robert\content/02-body-eddie.tex" [26 <D:/Drop
box/School/Current Session/ECE 4600  - Project Grain bin/Academic/Final Report/
Group 07 Final Report - Robert/images/mp_final_layout.png>] [27 <D:/Dropbox/Sch
ool/Current Session/ECE 4600  - Project Grain bin/Academic/Final Report/Group 0
7 Final Report - Robert/images/sp3t.png>] [28 <D:/Dropbox/School/Current Sessio
n/ECE 4600  - Project Grain bin/Academic/Final Report/Group 07 Final Report - R
obert/images/sp8t_top.png>]
Missing character: There is no ‚ in font cmr10!
Missing character: There is no Ä in font cmr10!
Missing character: There is no ì in font cmr10!

<./images/eddie_image1.png, id=650, 603.6954pt x 374.8404pt>
File: ./images/eddie_image1.png Graphic file (type png)

<use ./images/eddie_image1.png>
Package pdftex.def Info: ./images/eddie_image1.png used on input line 25.
(pdftex.def)             Requested size: 325.215pt x 201.93034pt.


LaTeX Warning: `h' float specifier changed to `ht'.

[29 <D:/Dropbox/School/Current Session/ECE 4600  - Project Grain bin/Academic/F
inal Report/Group 07 Final Report - Robert/images/sp8t_bottom.png>] [30 <D:/Dro
pbox/School/Current Session/ECE 4600  - Project Grain bin/Academic/Final Report
/Group 07 Final Report - Robert/images/stackup.png>]

LaTeX Warning: Reference `fig_eddie_fig2' on page 31 undefined on input line 56
.

<./images/eddie_image2.png, id=663, 794.97pt x 614.295pt>
File: ./images/eddie_image2.png Graphic file (type png)

<use ./images/eddie_image2.png>
Package pdftex.def Info: ./images/eddie_image2.png used on input line 60.
(pdftex.def)             Requested size: 397.48499pt x 307.15611pt.
 [31 <D:/Dropbox/School/Current Session/ECE 4600  - Project Grain bin/Academic/
Final Report/Group 07 Final Report - Robert/images/eddie_image1.png>])
("D:\Dropbox\School\Current Session\ECE 4600  - Project Grain bin\Academic\Fina
l Report\Group 07 Final Report - Robert\content/02-body-kathy.tex" [32 <D:/Drop
box/School/Current Session/ECE 4600  - Project Grain bin/Academic/Final Report/
Group 07 Final Report - Robert/images/eddie_image2.png (PNG copy)>]
Chapter 4.
[33

]

LaTeX Warning: Citation `vnaspecs' on page 34 undefined on input line 24.


LaTeX Warning: Citation `vnaspecs' on page 34 undefined on input line 24.

Missing character: There is no ‚ in font cmr10!
Missing character: There is no â in font cmr10!
Missing character: There is no • in font cmr10!
LaTeX Font Info:    Try loading font information for OML+cmr on input line 31.
("C:\Program Files (x86)\MiKTeX 2.9\tex\latex\base\omlcmr.fd"
File: omlcmr.fd 1999/05/25 v2.5h Standard LaTeX font definitions
)
LaTeX Font Info:    Font shape `OML/cmr/m/n' in size <10.95> not available
(Font)              Font shape `OML/cmm/m/it' tried instead on input line 31.
 [34

]
Missing character: There is no ‚ in font cmr10!
Missing character: There is no Ä in font cmr10!
Missing character: There is no ô in font cmr10!

<./images/calib.png, id=687, 639.89063pt x 377.91188pt>
File: ./images/calib.png Graphic file (type png)

<use ./images/calib.png>
Package pdftex.def Info: ./images/calib.png used on input line 60.
(pdftex.def)             Requested size: 354.12256pt x 209.14386pt.
 <./images/real.png, id=690, 421.575pt x 316.18124pt>
File: ./images/real.png Graphic file (type png)

<use ./images/real.png>
Package pdftex.def Info: ./images/real.png used on input line 71.
(pdftex.def)             Requested size: 274.6262pt x 205.9737pt.
 [35

 <D:/Dropbox/School/Current Session/ECE 4600  - Project Grain bin/Academic/Fina
l Report/Group 07 Final Report - Robert/images/calib.png>] <./images/imag.png, 
id=695, 421.575pt x 316.18124pt>
File: ./images/imag.png Graphic file (type png)

<use ./images/imag.png>
Package pdftex.def Info: ./images/imag.png used on input line 79.
(pdftex.def)             Requested size: 274.6262pt x 205.9737pt.
 [36 <D:/Dropbox/School/Current Session/ECE 4600  - Project Grain bin/Academic/
Final Report/Group 07 Final Report - Robert/images/real.png (PNG copy)> <D:/Dro
pbox/School/Current Session/ECE 4600  - Project Grain bin/Academic/Final Report
/Group 07 Final Report - Robert/images/imag.png (PNG copy)>]
Missing character: There is no ‚ in font cmr10!
Missing character: There is no Ä in font cmr10!
Missing character: There is no ô in font cmr10!

Underfull \hbox (badness 10000) in paragraph at lines 88--92

 []

<./images/cli.jpg, id=701, 822.82407pt x 529.22719pt>
File: ./images/cli.jpg Graphic file (type jpg)
 <use ./images/cli.jpg>
Package pdftex.def Info: ./images/cli.jpg used on input line 95.
(pdftex.def)             Requested size: 325.215pt x 209.16762pt.
Missing character: There is no ‚ in font cmr10!
Missing character: There is no Ä in font cmr10!
Missing character: There is no ô in font cmr10!
Missing character: There is no ‚ in font cmr10!
Missing character: There is no Ä in font cmr10!
Missing character: There is no ò in font cmr10!
Missing character: There is no ‚ in font cmr10!
Missing character: There is no Ä in font cmr10!
Missing character: There is no ô in font cmr10!
Missing character: There is no ‚ in font cmr10!
Missing character: There is no Ä in font cmr10!
Missing character: There is no ô in font cmr10!

[37

 <D:/Dropbox/School/Current Session/ECE 4600  - Project Grain bin/Academic/Fina
l Report/Group 07 Final Report - Robert/images/cli.jpg>]
Chapter 5.
Missing character: There is no ‚ in font cmr10!
Missing character: There is no Ä in font cmr10!
Missing character: There is no ô in font cmr10!

LaTeX Warning: Citation `RPi2' on page 38 undefined on input line 122.


LaTeX Warning: Citation `RPi2' on page 38 undefined on input line 122.

Missing character: There is no ‚ in font cmr10!
Missing character: There is no Ä in font cmr10!
Missing character: There is no ô in font cmr10!
[38

] <./images/rpi2.png, id=714, 649.16211pt x 462.14763pt>
File: ./images/rpi2.png Graphic file (type png)

<use ./images/rpi2.png>
Package pdftex.def Info: ./images/rpi2.png used on input line 140.
(pdftex.def)             Requested size: 274.6262pt x 195.51103pt.
 [39 <D:/Dropbox/School/Current Session/ECE 4600  - Project Grain bin/Academic/
Final Report/Group 07 Final Report - Robert/images/rpi2.png>] <./images/procs.p
ng, id=720, 666.49pt x 84.315pt>
File: ./images/procs.png Graphic file (type png)

<use ./images/procs.png>
Package pdftex.def Info: ./images/procs.png used on input line 163.
(pdftex.def)             Requested size: 390.25755pt x 49.37102pt.
 <./images/switch.png, id=722, 634.37pt x 304.13625pt>
File: ./images/switch.png Graphic file (type png)

<use ./images/switch.png>
Package pdftex.def Info: ./images/switch.png used on input line 192.
(pdftex.def)             Requested size: 361.34999pt x 173.24808pt.
 [40 <D:/Dropbox/School/Current Session/ECE 4600  - Project Grain bin/Academic/
Final Report/Group 07 Final Report - Robert/images/procs.png>]
Missing character: There is no ‚ in font cmr10!
Missing character: There is no Ä in font cmr10!
Missing character: There is no ú in font cmr10!
Missing character: There is no ‚ in font cmr10!
Missing character: There is no Ä in font cmr10!
Missing character: There is no ù in font cmr10!
Missing character: There is no ‚ in font cmr10!
Missing character: There is no Ä in font cmr10!
Missing character: There is no ú in font cmr10!
Missing character: There is no ‚ in font cmr10!
Missing character: There is no Ä in font cmr10!
Missing character: There is no ù in font cmr10!
 [41 <D:/Dropbox/School/Current Session/ECE 4600  - Project Grain bin/Academic/
Final Report/Group 07 Final Report - Robert/images/switch.png>]
Missing character: There is no ‚ in font cmr10!
Missing character: There is no Ä in font cmr10!
Missing character: There is no ú in font cmr10!
Missing character: There is no ‚ in font cmr10!
Missing character: There is no Ä in font cmr10!
Missing character: There is no ù in font cmr10!

<./images/pdp.png, id=736, 716.6775pt x 473.77pt>
File: ./images/pdp.png Graphic file (type png)
 <use ./images/pdp.png>
Package pdftex.def Info: ./images/pdp.png used on input line 232.
(pdftex.def)             Requested size: 361.34999pt x 238.87965pt.
Missing character: There is no ‚ in font cmr10!
Missing character: There is no Ä in font cmr10!
Missing character: There is no ú in font cmr10!
Missing character: There is no ‚ in font cmr10!
Missing character: There is no Ä in font cmr10!
Missing character: There is no ù in font cmr10!

[42

 <D:/Dropbox/School/Current Session/ECE 4600  - Project Grain bin/Academic/Fina
l Report/Group 07 Final Report - Robert/images/pdp.png>]
Missing character: There is no ‚ in font cmti10!
Missing character: There is no Ä in font cmti10!
Missing character: There is no ú in font cmti10!
Missing character: There is no ‚ in font cmti10!
Missing character: There is no Ä in font cmti10!
Missing character: There is no ù in font cmti10!
Missing character: There is no ‚ in font cmr10!
Missing character: There is no Ä in font cmr10!
Missing character: There is no ô in font cmr10!
 [43]
Missing character: There is no ‚ in font cmr10!
Missing character: There is no Ä in font cmr10!
Missing character: There is no ì in font cmr10!
Missing character: There is no ‚ in font cmr10!
Missing character: There is no Ä in font cmr10!
Missing character: There is no ì in font cmr10!
Missing character: There is no ‚ in font cmr10!
Missing character: There is no Ä in font cmr10!
Missing character: There is no ì in font cmr10!
Missing character: There is no ‚ in font cmr10!
Missing character: There is no Ä in font cmr10!
Missing character: There is no ô in font cmr10!
Missing character: There is no ‚ in font cmr10!
Missing character: There is no Ä in font cmr10!
Missing character: There is no ò in font cmr10!
Missing character: There is no ‚ in font cmr10!
Missing character: There is no Ä in font cmr10!
Missing character: There is no ô in font cmr10!
Missing character: There is no ‚ in font cmbxti10!
Missing character: There is no Ä in font cmbxti10!
Missing character: There is no ì in font cmbxti10!
 [44]
Missing character: There is no ‚ in font cmr10!
Missing character: There is no Ä in font cmr10!
Missing character: There is no ò in font cmr10!
Missing character: There is no ‚ in font cmr10!
Missing character: There is no Ä in font cmr10!
Missing character: There is no ô in font cmr10!
Missing character: There is no ‚ in font cmr10!
Missing character: There is no Ä in font cmr10!
Missing character: There is no ú in font cmr10!
Missing character: There is no ‚ in font cmr10!
Missing character: There is no Ä in font cmr10!
Missing character: There is no ù in font cmr10!
Missing character: There is no ‚ in font cmr10!
Missing character: There is no Ä in font cmr10!
Missing character: There is no ò in font cmr10!
Missing character: There is no ‚ in font cmr10!
Missing character: There is no Ä in font cmr10!
Missing character: There is no ô in font cmr10!


LaTeX Warning: Citation `vnaj' on page 45 undefined on input line 334.

Missing character: There is no ‚ in font cmr10!
Missing character: There is no Ä in font cmr10!
Missing character: There is no ò in font cmr10!
Missing character: There is no ‚ in font cmr10!
Missing character: There is no Ä in font cmr10!
Missing character: There is no ô in font cmr10!
Missing character: There is no ‚ in font cmr10!
Missing character: There is no Ä in font cmr10!
Missing character: There is no ò in font cmr10!
Missing character: There is no ‚ in font cmr10!
Missing character: There is no Ä in font cmr10!
Missing character: There is no ô in font cmr10!
Missing character: There is no ‚ in font cmr10!
Missing character: There is no Ä in font cmr10!
Missing character: There is no ò in font cmr10!
Missing character: There is no ‚ in font cmr10!
Missing character: There is no Ä in font cmr10!
Missing character: There is no ô in font cmr10!
Missing character: There is no ‚ in font cmr10!
Missing character: There is no Ä in font cmr10!
Missing character: There is no ú in font cmr10!
Missing character: There is no ‚ in font cmr10!
Missing character: There is no Ä in font cmr10!
Missing character: There is no ù in font cmr10!
Missing character: There is no ‚ in font cmr10!
Missing character: There is no Ä in font cmr10!
Missing character: There is no ò in font cmr10!
Missing character: There is no ‚ in font cmr10!
Missing character: There is no Ä in font cmr10!
Missing character: There is no ô in font cmr10!
Missing character: There is no ‚ in font cmr10!
Missing character: There is no Ä in font cmr10!
Missing character: There is no ò in font cmr10!
Missing character: There is no ‚ in font cmr10!
Missing character: There is no Ä in font cmr10!
Missing character: There is no ô in font cmr10!
Missing character: There is no ‚ in font cmbxti10!
Missing character: There is no Ä in font cmbxti10!
Missing character: There is no ì in font cmbxti10!
Missing character: There is no ‚ in font cmbx10!
Missing character: There is no Ä in font cmbx10!
Missing character: There is no ò in font cmbx10!
Missing character: There is no ‚ in font cmbx10!
Missing character: There is no Ä in font cmbx10!
Missing character: There is no ô in font cmbx10!
[45]
LaTeX Font Info:    Try loading font information for OMS+cmr on input line 361.

 ("C:\Program Files (x86)\MiKTeX 2.9\tex\latex\base\omscmr.fd"
File: omscmr.fd 1999/05/25 v2.5h Standard LaTeX font definitions
)
LaTeX Font Info:    Font shape `OMS/cmr/bx/it' in size <10.95> not available
(Font)              Font shape `OMS/cmsy/b/n' tried instead on input line 361.
LaTeX Font Info:    Font shape `OMS/cmr/m/n' in size <10.95> not available
(Font)              Font shape `OMS/cmsy/m/n' tried instead on input line 372.
Missing character: There is no ‚ in font cmr10!
Missing character: There is no Ä in font cmr10!
Missing character: There is no ò in font cmr10!
Missing character: There is no ‚ in font cmr10!
Missing character: There is no Ä in font cmr10!
Missing character: There is no ô in font cmr10!
Missing character: There is no ‚ in font cmbxti10!
Missing character: There is no Ä in font cmbxti10!
Missing character: There is no ì in font cmbxti10!


LaTeX Warning: `h' float specifier changed to `ht'.

Missing character: There is no ‚ in font cmbxti10!
Missing character: There is no Ä in font cmbxti10!
Missing character: There is no ì in font cmbxti10!

LaTeX Warning: Citation `vnaJ-hl' on page 46 undefined on input line 416.

[46] [47]
Chapter 6.
[48

])
("D:\Dropbox\School\Current Session\ECE 4600  - Project Grain bin\Academic\Fina
l Report\Group 07 Final Report - Robert\content/07-conclusion.tex" [49]
Chapter 7.
) [50

] [51]
("D:\Dropbox\School\Current Session\ECE 4600  - Project Grain bin\Academic\Fina
l Report\Group 07 Final Report - Robert\final-report.bbl")
("D:\Dropbox\School\Current Session\ECE 4600  - Project Grain bin\Academic\Fina
l Report\Group 07 Final Report - Robert\content/A-appendix.tex" [52

]
Appendix A.
("C:\Program Files (x86)\MiKTeX 2.9\tex\latex\listings\lstlang1.sty"
File: lstlang1.sty 2014/09/06 1.5e listings language file
)
("C:\Program Files (x86)\MiKTeX 2.9\tex\latex\listings\lstlang1.sty"
File: lstlang1.sty 2014/09/06 1.5e listings language file
)
! Missing number, treated as zero.
<to be read again> 
                   \relax 
l.21 ...ition Shell Script Software]{code/gbin.sh}
                                                  
A number should have been here; I inserted `0'.
(If you can't figure out why I needed to see a number,
look up `weird error' in the index to The TeXbook.)

! Illegal unit of measure (pt inserted).
<to be read again> 
                   \relax 
l.21 ...ition Shell Script Software]{code/gbin.sh}
                                                  
Dimensions can be in units of em, ex, in, pt, pc,
cm, mm, dd, cc, nd, nc, bp, or sp; but yours is a new one!
I'll assume that you meant to say pt, for printer's points.
To recover gracefully from this error, it's best to
delete the erroneous units; e.g., type `2' to delete
two letters. (See Chapter 27 of The TeXbook.)

! Missing number, treated as zero.
<to be read again> 
                   \relax 
l.21 ...ition Shell Script Software]{code/gbin.sh}
                                                  
A number should have been here; I inserted `0'.
(If you can't figure out why I needed to see a number,
look up `weird error' in the index to The TeXbook.)

! Illegal unit of measure (pt inserted).
<to be read again> 
                   \relax 
l.21 ...ition Shell Script Software]{code/gbin.sh}
                                                  
Dimensions can be in units of em, ex, in, pt, pc,
cm, mm, dd, cc, nd, nc, bp, or sp; but yours is a new one!
I'll assume that you meant to say pt, for printer's points.
To recover gracefully from this error, it's best to
delete the erroneous units; e.g., type `2' to delete
two letters. (See Chapter 27 of The TeXbook.)

! Missing number, treated as zero.
<to be read again> 
                   \let 
l.21 ...ition Shell Script Software]{code/gbin.sh}
                                                  
A number should have been here; I inserted `0'.
(If you can't figure out why I needed to see a number,
look up `weird error' in the index to The TeXbook.)

! Illegal unit of measure (pt inserted).
<to be read again> 
                   \let 
l.21 ...ition Shell Script Software]{code/gbin.sh}
                                                  
Dimensions can be in units of em, ex, in, pt, pc,
cm, mm, dd, cc, nd, nc, bp, or sp; but yours is a new one!
I'll assume that you meant to say pt, for printer's points.
To recover gracefully from this error, it's best to
delete the erroneous units; e.g., type `2' to delete
two letters. (See Chapter 27 of The TeXbook.)

Package hyperref Info: bookmark level for unknown lstlisting defaults to 0 on i
nput line 21.

("D:\Dropbox\School\Current Session\ECE 4600  - Project Grain bin\Academic\Fina
l Report\Group 07 Final Report - Robert\code/gbin.sh"
LaTeX Font Info:    Try loading font information for TS1+cmtt on input line 8.

("C:\Program Files (x86)\MiKTeX 2.9\tex\latex\base\ts1cmtt.fd"
File: ts1cmtt.fd 1999/05/25 v2.5h Standard LaTeX font definitions
) [53

] [54])
("C:\Program Files (x86)\MiKTeX 2.9\tex\latex\listings\lstlang1.sty"
File: lstlang1.sty 2014/09/06 1.5e listings language file
)
! Missing number, treated as zero.
<to be read again> 
                   \relax 
l.47 ...-Data Processing Program]{code/put2str.cs}
                                                  
A number should have been here; I inserted `0'.
(If you can't figure out why I needed to see a number,
look up `weird error' in the index to The TeXbook.)

! Illegal unit of measure (pt inserted).
<to be read again> 
                   \relax 
l.47 ...-Data Processing Program]{code/put2str.cs}
                                                  
Dimensions can be in units of em, ex, in, pt, pc,
cm, mm, dd, cc, nd, nc, bp, or sp; but yours is a new one!
I'll assume that you meant to say pt, for printer's points.
To recover gracefully from this error, it's best to
delete the erroneous units; e.g., type `2' to delete
two letters. (See Chapter 27 of The TeXbook.)

! Missing number, treated as zero.
<to be read again> 
                   \relax 
l.47 ...-Data Processing Program]{code/put2str.cs}
                                                  
A number should have been here; I inserted `0'.
(If you can't figure out why I needed to see a number,
look up `weird error' in the index to The TeXbook.)

! Illegal unit of measure (pt inserted).
<to be read again> 
                   \relax 
l.47 ...-Data Processing Program]{code/put2str.cs}
                                                  
Dimensions can be in units of em, ex, in, pt, pc,
cm, mm, dd, cc, nd, nc, bp, or sp; but yours is a new one!
I'll assume that you meant to say pt, for printer's points.
To recover gracefully from this error, it's best to
delete the erroneous units; e.g., type `2' to delete
two letters. (See Chapter 27 of The TeXbook.)

! Missing number, treated as zero.
<to be read again> 
                   \let 
l.47 ...-Data Processing Program]{code/put2str.cs}
                                                  
A number should have been here; I inserted `0'.
(If you can't figure out why I needed to see a number,
look up `weird error' in the index to The TeXbook.)

! Illegal unit of measure (pt inserted).
<to be read again> 
                   \let 
l.47 ...-Data Processing Program]{code/put2str.cs}
                                                  
Dimensions can be in units of em, ex, in, pt, pc,
cm, mm, dd, cc, nd, nc, bp, or sp; but yours is a new one!
I'll assume that you meant to say pt, for printer's points.
To recover gracefully from this error, it's best to
delete the erroneous units; e.g., type `2' to delete
two letters. (See Chapter 27 of The TeXbook.)


("D:\Dropbox\School\Current Session\ECE 4600  - Project Grain bin\Academic\Fina
l Report\Group 07 Final Report - Robert\code/put2str.cs"
LaTeX Font Info:    Font shape `OT1/cmtt/bx/n' in size <10.95> not available
(Font)              Font shape `OT1/cmtt/m/n' tried instead on input line 1.
 [55] [56])
("C:\Program Files (x86)\MiKTeX 2.9\tex\latex\listings\lstlang1.sty"
File: lstlang1.sty 2014/09/06 1.5e listings language file
)
! Missing number, treated as zero.
<to be read again> 
                   \relax 
l.71 ...unction on Raspberry Pi 2]{code/button.py}
                                                  
A number should have been here; I inserted `0'.
(If you can't figure out why I needed to see a number,
look up `weird error' in the index to The TeXbook.)

! Illegal unit of measure (pt inserted).
<to be read again> 
                   \relax 
l.71 ...unction on Raspberry Pi 2]{code/button.py}
                                                  
Dimensions can be in units of em, ex, in, pt, pc,
cm, mm, dd, cc, nd, nc, bp, or sp; but yours is a new one!
I'll assume that you meant to say pt, for printer's points.
To recover gracefully from this error, it's best to
delete the erroneous units; e.g., type `2' to delete
two letters. (See Chapter 27 of The TeXbook.)

! Missing number, treated as zero.
<to be read again> 
                   \relax 
l.71 ...unction on Raspberry Pi 2]{code/button.py}
                                                  
A number should have been here; I inserted `0'.
(If you can't figure out why I needed to see a number,
look up `weird error' in the index to The TeXbook.)

! Illegal unit of measure (pt inserted).
<to be read again> 
                   \relax 
l.71 ...unction on Raspberry Pi 2]{code/button.py}
                                                  
Dimensions can be in units of em, ex, in, pt, pc,
cm, mm, dd, cc, nd, nc, bp, or sp; but yours is a new one!
I'll assume that you meant to say pt, for printer's points.
To recover gracefully from this error, it's best to
delete the erroneous units; e.g., type `2' to delete
two letters. (See Chapter 27 of The TeXbook.)

! Missing number, treated as zero.
<to be read again> 
                   \let 
l.71 ...unction on Raspberry Pi 2]{code/button.py}
                                                  
A number should have been here; I inserted `0'.
(If you can't figure out why I needed to see a number,
look up `weird error' in the index to The TeXbook.)

! Illegal unit of measure (pt inserted).
<to be read again> 
                   \let 
l.71 ...unction on Raspberry Pi 2]{code/button.py}
                                                  
Dimensions can be in units of em, ex, in, pt, pc,
cm, mm, dd, cc, nd, nc, bp, or sp; but yours is a new one!
I'll assume that you meant to say pt, for printer's points.
To recover gracefully from this error, it's best to
delete the erroneous units; e.g., type `2' to delete
two letters. (See Chapter 27 of The TeXbook.)


("D:\Dropbox\School\Current Session\ECE 4600  - Project Grain bin\Academic\Fina
l Report\Group 07 Final Report - Robert\code/button.py" [57])
("C:\Program Files (x86)\MiKTeX 2.9\tex\latex\listings\lstlang1.sty"
File: lstlang1.sty 2014/09/06 1.5e listings language file
)
("C:\Program Files (x86)\MiKTeX 2.9\tex\latex\listings\lstmisc.sty"
File: lstmisc.sty 2014/09/06 1.5e (Carsten Heinz)
)
! Missing number, treated as zero.
<to be read again> 
                   \relax 
l.93 ...oftware Configuration File]{code/gbin.xml}
                                                  
A number should have been here; I inserted `0'.
(If you can't figure out why I needed to see a number,
look up `weird error' in the index to The TeXbook.)

! Illegal unit of measure (pt inserted).
<to be read again> 
                   \relax 
l.93 ...oftware Configuration File]{code/gbin.xml}
                                                  
Dimensions can be in units of em, ex, in, pt, pc,
cm, mm, dd, cc, nd, nc, bp, or sp; but yours is a new one!
I'll assume that you meant to say pt, for printer's points.
To recover gracefully from this error, it's best to
delete the erroneous units; e.g., type `2' to delete
two letters. (See Chapter 27 of The TeXbook.)

! Missing number, treated as zero.
<to be read again> 
                   \relax 
l.93 ...oftware Configuration File]{code/gbin.xml}
                                                  
A number should have been here; I inserted `0'.
(If you can't figure out why I needed to see a number,
look up `weird error' in the index to The TeXbook.)

! Illegal unit of measure (pt inserted).
<to be read again> 
                   \relax 
l.93 ...oftware Configuration File]{code/gbin.xml}
                                                  
Dimensions can be in units of em, ex, in, pt, pc,
cm, mm, dd, cc, nd, nc, bp, or sp; but yours is a new one!
I'll assume that you meant to say pt, for printer's points.
To recover gracefully from this error, it's best to
delete the erroneous units; e.g., type `2' to delete
two letters. (See Chapter 27 of The TeXbook.)

! Missing number, treated as zero.
<to be read again> 
                   \let 
l.93 ...oftware Configuration File]{code/gbin.xml}
                                                  
A number should have been here; I inserted `0'.
(If you can't figure out why I needed to see a number,
look up `weird error' in the index to The TeXbook.)

! Illegal unit of measure (pt inserted).
<to be read again> 
                   \let 
l.93 ...oftware Configuration File]{code/gbin.xml}
                                                  
Dimensions can be in units of em, ex, in, pt, pc,
cm, mm, dd, cc, nd, nc, bp, or sp; but yours is a new one!
I'll assume that you meant to say pt, for printer's points.
To recover gracefully from this error, it's best to
delete the erroneous units; e.g., type `2' to delete
two letters. (See Chapter 27 of The TeXbook.)


("D:\Dropbox\School\Current Session\ECE 4600  - Project Grain bin\Academic\Fina
l Report\Group 07 Final Report - Robert\code/gbin.xml" [58] [59] [60])

LaTeX Warning: Citation `dropbox' on page 61 undefined on input line 100.


Overfull \hbox (63.5046pt too wide) in paragraph at lines 105--105
 []\OT1/cmtt/m/n/10.95 $ wget https://raw.github.com/andreafabrizi/Dropbox-Uplo
ader/master/dropbox_uploader.sh$ 
 []

[61]) [62]
("D:\Dropbox\School\Current Session\ECE 4600  - Project Grain bin\Academic\Fina
l Report\Group 07 Final Report - Robert\content/B-appendix.tex"
Appendix B.
<./images/pinout.png, id=1154, 289.08pt x 522.45187pt>
File: ./images/pinout.png Graphic file (type png)

<use ./images/pinout.png>
Package pdftex.def Info: ./images/pinout.png used on input line 8.
(pdftex.def)             Requested size: 144.53964pt x 261.2253pt.


LaTeX Warning: Citation `pinout' on page 63 undefined on input line 9.


LaTeX Warning: Citation `pinout' on page 63 undefined on input line 9.

) [63


 <D:/Dropbox/School/Current Session/ECE 4600  - Project Grain bin/Academic/Fina
l Report/Group 07 Final Report - Robert/images/pinout.png>]
("D:\Dropbox\School\Current Session\ECE 4600  - Project Grain bin\Academic\Fina
l Report\Group 07 Final Report - Robert\content/Z-vitae.tex"
Appendix C.
[64


] [65]) [66]
Package atveryend Info: Empty hook `BeforeClearDocument' on input line 282.
Package atveryend Info: Empty hook `AfterLastShipout' on input line 282.

("D:\Dropbox\School\Current Session\ECE 4600  - Project Grain bin\Academic\Fina
l Report\Group 07 Final Report - Robert\final-report.aux")
Package atveryend Info: Executing hook `AtVeryEndDocument' on input line 282.
Package atveryend Info: Executing hook `AtEndAfterFileList' on input line 282.
Package rerunfilecheck Info: File `final-report.out' has not changed.
(rerunfilecheck)             Checksum: 6CBCDA41AB4EAA4CCB1D752E0F7E8AC5;3859.


LaTeX Warning: There were undefined references.


LaTeX Warning: There were multiply-defined labels.

Package atveryend Info: Empty hook `AtVeryVeryEnd' on input line 282.
 )
(\end occurred inside a group at level 3)

### simple group (level 3) entered at line 216 ({)
### simple group (level 2) entered at line 209 ({)
### simple group (level 1) entered at line 202 ({)
### bottom level 
Here is how much of TeX's memory you used:
 11491 strings out of 493921
 177583 string characters out of 3144877
 487224 words of memory out of 3000000
 14004 multiletter control sequences out of 15000+200000
 15587 words of font info for 55 fonts, out of 3000000 for 9000
 841 hyphenation exceptions out of 8191
 41i,14n,59p,1459b,2203s stack positions out of 5000i,500n,10000p,200000b,50000s
 <C:\Users\Kathy\AppData\Local\MiKTeX\2.9\fonts\pk\ljfour\jknap
pen\ec\dpi600\tctt1095.pk> <C:\Users\Kathy\AppData\Local\MiKTeX\2.9\fonts\pk\lj
four\jknappen\ec\dpi600\tcrm1095.pk><C:/Program Files (x86)/MiKTeX 2.9/fonts/ty
pe1/public/amsfonts/cm/cmbsy10.pfb><C:/Program Files (x86)/MiKTeX 2.9/fonts/typ
e1/public/amsfonts/cm/cmbx10.pfb><C:/Program Files (x86)/MiKTeX 2.9/fonts/type1
/public/amsfonts/cm/cmbx12.pfb><C:/Program Files (x86)/MiKTeX 2.9/fonts/type1/p
ublic/amsfonts/cm/cmbxti10.pfb><C:/Program Files (x86)/MiKTeX 2.9/fonts/type1/p
ublic/amsfonts/cm/cmmi10.pfb><C:/Program Files (x86)/MiKTeX 2.9/fonts/type1/pub
lic/amsfonts/cm/cmmi8.pfb><C:/Program Files (x86)/MiKTeX 2.9/fonts/type1/public
/amsfonts/cm/cmr10.pfb><C:/Program Files (x86)/MiKTeX 2.9/fonts/type1/public/am
sfonts/cm/cmr17.pfb><C:/Program Files (x86)/MiKTeX 2.9/fonts/type1/public/amsfo
nts/cm/cmr8.pfb><C:/Program Files (x86)/MiKTeX 2.9/fonts/type1/public/amsfonts/
cm/cmr9.pfb><C:/Program Files (x86)/MiKTeX 2.9/fonts/type1/public/amsfonts/cm/c
mss10.pfb><C:/Program Files (x86)/MiKTeX 2.9/fonts/type1/public/amsfonts/cm/cms
sbx10.pfb><C:/Program Files (x86)/MiKTeX 2.9/fonts/type1/public/amsfonts/cm/cms
y10.pfb><C:/Program Files (x86)/MiKTeX 2.9/fonts/type1/public/amsfonts/cm/cmti1
0.pfb><C:/Program Files (x86)/MiKTeX 2.9/fonts/type1/public/amsfonts/cm/cmtt10.
pfb>
Output written on final-report.pdf (79 pages, 10104638 bytes).
PDF statistics:
 1354 PDF objects out of 1440 (max. 8388607)
 524 named destinations out of 1000 (max. 500000)
 688 words of extra memory for PDF output out of 10000 (max. 10000000)

